#
# There is insufficient memory for the Java Runtime Environment to continue.
# Native memory allocation (malloc) failed to allocate 1048576 bytes for AllocateHeap
# Possible reasons:
#   The system is out of physical RAM or swap space
#   In 32 bit mode, the process size limit was hit
# Possible solutions:
#   Reduce memory load on the system
#   Increase physical memory or swap space
#   Check if swap backing store is full
#   Use 64 bit Java on a 64 bit OS
#   Decrease Java heap size (-Xmx/-Xms)
#   Decrease number of Java threads
#   Decrease Java thread stack sizes (-Xss)
#   Set larger code cache with -XX:ReservedCodeCacheSize=
# This output file may be truncated or incomplete.
#
#  Out of Memory Error (memory/allocation.inline.hpp:61), pid=27492, tid=0x0000000000005b7c
#
# JRE version:  (8.0_191-b12) (build )
# Java VM: Java HotSpot(TM) 64-Bit Server VM (25.191-b12 mixed mode windows-amd64 compressed oops)
# Failed to write core dump. Minidumps are not enabled by default on client versions of Windows
#

---------------  T H R E A D  ---------------

Current thread (0x0000000002f16800):  JavaThread "Unknown thread" [_thread_in_vm, id=23420, stack(0x0000000002860000,0x0000000002960000)]

Stack: [0x0000000002860000,0x0000000002960000]
[error occurred during error reporting (printing stack bounds), id 0xc0000005]

Native frames: (J=compiled Java code, j=interpreted, Vv=VM code, C=native code)


---------------  P R O C E S S  ---------------

Java Threads: ( => current thread )

Other Threads:

=>0x0000000002f16800 (exited) JavaThread "Unknown thread" [_thread_in_vm, id=23420, stack(0x0000000002860000,0x0000000002960000)]

VM state:not at safepoint (normal execution)

VM Mutex/Monitor currently owned by a thread: None

Heap:
 PSYoungGen      total 37888K, used 655K [0x00000000d6380000, 0x00000000d8d80000, 0x0000000100000000)
  eden space 32768K, 2% used [0x00000000d6380000,0x00000000d6423d80,0x00000000d8380000)
  from space 5120K, 0% used [0x00000000d8880000,0x00000000d8880000,0x00000000d8d80000)
  to   space 5120K, 0% used [0x00000000d8380000,0x00000000d8380000,0x00000000d8880000)
 ParOldGen       total 86016K, used 0K [0x0000000082a00000, 0x0000000087e00000, 0x00000000d6380000)
  object space 86016K, 0% used [0x0000000082a00000,0x0000000082a00000,0x0000000087e00000)
 Metaspace       used 775K, capacity 4480K, committed 4480K, reserved 1056768K
  class space    used 76K, capacity 384K, committed 384K, reserved 1048576K

Card table byte_map: [0x00000000123d0000,0x00000000127c0000] byte_map_base: 0x0000000011fbb000

Marking Bits: (ParMarkBitMap*) 0x0000000050ec3e30
 Begin Bits: [0x0000000013260000, 0x00000000151b8000)
 End Bits:   [0x00000000151b8000, 0x0000000017110000)

Polling page: 0x0000000000bb0000

CodeCache: size=245760Kb used=328Kb max_used=328Kb free=245431Kb
 bounds [0x0000000003010000, 0x0000000003280000, 0x0000000012010000]
 total_blobs=58 nmethods=0 adapters=38
 compilation: enabled

Compilation events (0 events):
No events

GC Heap History (0 events):
No events

Deoptimization events (0 events):
No events

Classes redefined (0 events):
No events

Internal exceptions (0 events):
No events

Events (10 events):
Event: 0.041 loading class java/lang/Short
Event: 0.041 loading class java/lang/Short done
Event: 0.041 loading class java/lang/Integer
Event: 0.041 loading class java/lang/Integer done
Event: 0.041 loading class java/lang/Long
Event: 0.041 loading class java/lang/Long done
Event: 0.043 loading class java/lang/NullPointerException
Event: 0.043 loading class java/lang/NullPointerException done
Event: 0.043 loading class java/lang/ArithmeticException
Event: 0.043 loading class java/lang/ArithmeticException done


Dynamic libraries:
0x00007ff7e0a30000 - 0x00007ff7e0a67000 	C:\Program Files\Java\jdk1.8.0_191\bin\java.exe
0x00007ff877c00000 - 0x00007ff877de1000 	C:\WINDOWS\SYSTEM32\ntdll.dll
0x00007ff8771e0000 - 0x00007ff877291000 	C:\WINDOWS\System32\KERNEL32.DLL
0x00007ff874290000 - 0x00007ff874503000 	C:\WINDOWS\System32\KERNELBASE.dll
0x00007ff8772a0000 - 0x00007ff877341000 	C:\WINDOWS\System32\ADVAPI32.dll
0x00007ff875090000 - 0x00007ff87512e000 	C:\WINDOWS\System32\msvcrt.dll
0x00007ff877690000 - 0x00007ff8776eb000 	C:\WINDOWS\System32\sechost.dll
0x00007ff8753b0000 - 0x00007ff8754d4000 	C:\WINDOWS\System32\RPCRT4.dll
0x00007ff876be0000 - 0x00007ff876d70000 	C:\WINDOWS\System32\USER32.dll
0x00007ff873fd0000 - 0x00007ff873ff0000 	C:\WINDOWS\System32\win32u.dll
0x00007ff8754e0000 - 0x00007ff875508000 	C:\WINDOWS\System32\GDI32.dll
0x00007ff8740f0000 - 0x00007ff874282000 	C:\WINDOWS\System32\gdi32full.dll
0x00007ff873ff0000 - 0x00007ff87408f000 	C:\WINDOWS\System32\msvcp_win.dll
0x00007ff874f90000 - 0x00007ff875088000 	C:\WINDOWS\System32\ucrtbase.dll
0x00007ff867fe0000 - 0x00007ff868249000 	C:\WINDOWS\WinSxS\amd64_microsoft.windows.common-controls_6595b64144ccf1df_6.0.17134.706_none_fb43a2cb30647007\COMCTL32.dll
0x00007ff877360000 - 0x00007ff877682000 	C:\WINDOWS\System32\combase.dll
0x00007ff874610000 - 0x00007ff87468a000 	C:\WINDOWS\System32\bcryptPrimitives.dll
0x00007ff8751d0000 - 0x00007ff8751fd000 	C:\WINDOWS\System32\IMM32.DLL
0x0000000052bf0000 - 0x0000000052cc2000 	C:\Program Files\Java\jdk1.8.0_191\jre\bin\msvcr100.dll
0x00000000506a0000 - 0x0000000050f44000 	C:\Program Files\Java\jdk1.8.0_191\jre\bin\server\jvm.dll
0x00007ff877750000 - 0x00007ff877758000 	C:\WINDOWS\System32\PSAPI.DLL
0x00007ff86efe0000 - 0x00007ff86efea000 	C:\WINDOWS\SYSTEM32\VERSION.dll
0x00007ff86b190000 - 0x00007ff86b1b3000 	C:\WINDOWS\SYSTEM32\WINMM.dll
0x00007ff8686a0000 - 0x00007ff8686a9000 	C:\WINDOWS\SYSTEM32\WSOCK32.dll
0x00007ff876b10000 - 0x00007ff876b7c000 	C:\WINDOWS\System32\WS2_32.dll
0x00007ff86b0f0000 - 0x00007ff86b11a000 	C:\WINDOWS\SYSTEM32\winmmbase.dll
0x00007ff874510000 - 0x00007ff874559000 	C:\WINDOWS\System32\cfgmgr32.dll
0x0000000052df0000 - 0x0000000052dff000 	C:\Program Files\Java\jdk1.8.0_191\jre\bin\verify.dll
0x0000000052bc0000 - 0x0000000052be9000 	C:\Program Files\Java\jdk1.8.0_191\jre\bin\java.dll
0x0000000052b30000 - 0x0000000052b53000 	C:\Program Files\Java\jdk1.8.0_191\jre\bin\instrument.dll
0x0000000052ba0000 - 0x0000000052bb6000 	C:\Program Files\Java\jdk1.8.0_191\jre\bin\zip.dll

VM Arguments:
jvm_args: -XX:TieredStopAtLevel=1 -Xverify:none -Dspring.output.ansi.enabled=always -Dcom.sun.management.jmxremote -Dcom.sun.management.jmxremote.port=16909 -Dcom.sun.management.jmxremote.authenticate=false -Dcom.sun.management.jmxremote.ssl=false -Djava.rmi.server.hostname=localhost -Dspring.liveBeansView.mbeanDomain -Dspring.application.admin.enabled=true -javaagent:F:\idea\IntelliJ IDEA 2018.3.2\lib\idea_rt.jar=16910:F:\idea\IntelliJ IDEA 2018.3.2\bin -Dfile.encoding=UTF-8 
java_command: com.weichu.jinxiaocun.demo.DemoApplication
java_class_path (initial): C:\Program Files\Java\jdk1.8.0_191\jre\lib\charsets.jar;C:\Program Files\Java\jdk1.8.0_191\jre\lib\deploy.jar;C:\Program Files\Java\jdk1.8.0_191\jre\lib\ext\access-bridge-64.jar;C:\Program Files\Java\jdk1.8.0_191\jre\lib\ext\cldrdata.jar;C:\Program Files\Java\jdk1.8.0_191\jre\lib\ext\dnsns.jar;C:\Program Files\Java\jdk1.8.0_191\jre\lib\ext\jaccess.jar;C:\Program Files\Java\jdk1.8.0_191\jre\lib\ext\jfxrt.jar;C:\Program Files\Java\jdk1.8.0_191\jre\lib\ext\localedata.jar;C:\Program Files\Java\jdk1.8.0_191\jre\lib\ext\nashorn.jar;C:\Program Files\Java\jdk1.8.0_191\jre\lib\ext\sunec.jar;C:\Program Files\Java\jdk1.8.0_191\jre\lib\ext\sunjce_provider.jar;C:\Program Files\Java\jdk1.8.0_191\jre\lib\ext\sunmscapi.jar;C:\Program Files\Java\jdk1.8.0_191\jre\lib\ext\sunpkcs11.jar;C:\Program Files\Java\jdk1.8.0_191\jre\lib\ext\zipfs.jar;C:\Program Files\Java\jdk1.8.0_191\jre\lib\javaws.jar;C:\Program Files\Java\jdk1.8.0_191\jre\lib\jce.jar;C:\Program Files\Java\jdk1.8.0_191\jre\lib\jfr.jar;C:\Program Files\Java\jdk1.8.0_191\jre\lib\jfxswt.jar;C:\Program Files\Java\jdk1.8.0_191\jre\lib\jsse.jar;C:\Program Files\Java\jdk1.8.0_191\jre\lib\management-agent.jar;C:\Program Files\Java\jdk1.8.0_191\jre\lib\plugin.jar;C:\Program Files\Java\jdk1.8.0_191\jre\lib\resources.jar;C:\Program Files\Java\jdk1.8.0_191\jre\lib\rt.jar;F:\zzzzzyyyyyy\springboot-jinxiaocun\demo\target\classes;G:\zuoye\y2\ssm\maveneclipse\org\springframework\boot\spring-boot-starter-thymeleaf\2.1.4.RELEASE\spring-boot-starter-thymeleaf-2.1.4.RELEASE.jar;G:\zuoye\y2\ssm\maveneclipse\org\thymeleaf\thymeleaf-spring5\3.0.11.RELEASE\thymeleaf-spring5-3.0.11.RELEASE.jar;G:\zuoye\y2\ssm\maveneclipse\org\thymeleaf\thymeleaf\3.0.11.RELEASE\thymeleaf-3.0.11.RELEASE.jar;G:\zuoye\y2\ssm\maveneclipse\org\attoparser\attoparser\2.0.5.RELEASE\attoparser-2.0.5.RELEASE.jar;G:\zuoye\y2\ssm\maveneclipse\org\unbescape\unbescape\1.1.6.RELEASE\unbescape-1.1.6.RELEASE.jar;G:\zuoye\y2\ssm\maveneclipse\org\thymeleaf\
Launcher Type: SUN_STANDARD

Environment Variables:
JAVA_HOME=C:\Program Files\Java\jdk1.8.0_191
CLASSPATH=.;C:\Program Files\Java\jdk1.8.0_191\lib\dt.jar;C:\Program Files\Java\jdk1.8.0_191\lib\tools.jar
PATH=H:\app\lzl\product\11.2.0\dbhome_1\bin;C:\Windows\system32;C:\Windows;C:\Windows\System32\Wbem;C:\Windows\System32\WindowsPowerShell\v1.0\;C:\Program Files (x86)\NVIDIA Corporation\PhysX\Common;C:\Program Files\Intel\WiFi\bin\;C:\Program Files\Common Files\Intel\WirelessCommon\;C:\WINDOWS\system32;C:\WINDOWS;C:\WINDOWS\System32\Wbem;C:\WINDOWS\System32\WindowsPowerShell\v1.0\;C:\Program Files\Microsoft\Web Platform Installer\;C:\Program Files (x86)\Microsoft ASP.NET\ASP.NET Web Pages\v1.0\;C:\Program Files (x86)\Windows Kits\8.0\Windows Performance Toolkit\;C:\Program Files\Microsoft SQL Server\110\Tools\Binn\;C:\Program Files (x86)\Microsoft SQL Server\100\Tools\Binn\;C:\Program Files\Microsoft SQL Server\100\Tools\Binn\;C:\Program Files\Microsoft SQL Server\100\DTS\Binn\;C:\Program Files (x86)\Microsoft SQL Server\100\Tools\Binn\VSShell\Common7\IDE\;C:\Program Files (x86)\Microsoft Visual Studio 9.0\Common7\IDE\PrivateAssemblies\;C:\Program Files (x86)\Microsoft SQL Server\100\DTS\Binn\;D:\msql\bin;C:\Program Files\MySQL\MySQL Server 5.5\bin;F:\mysql\bin;C:\WINDOWS\System32\OpenSSH\;C:\Program Files\Java\jdk1.8.0_191\bin;C:\Program Files\Java\jdk1.8.0_191\jre\bin;C:\Program Files (x86)\redis;G:\zuoye\fuwuqi\apache-tomcat-7.0.55\bin;F:\nginx\nginx-1.12.2;G:\zuoye\y2\ssm\maven相关资料\apache-maven-3.3.9\bin;F:\;odejs\node_global;F:\nodejs\;F:\git\yingyong\Git\cmd;C:\Users\lzl\AppData\Local\Microsoft\WindowsApps;F:\nodejs\node_global\;
USERNAME=lzl
OS=Windows_NT
PROCESSOR_IDENTIFIER=Intel64 Family 6 Model 94 Stepping 3, GenuineIntel



---------------  S Y S T E M  ---------------

OS: Windows 10.0 , 64 bit Build 17134 (10.0.17134.706)

CPU:total 8 (initial active 8) (4 cores per cpu, 2 threads per core) family 6 model 94 stepping 3, cmov, cx8, fxsr, mmx, sse, sse2, sse3, ssse3, sse4.1, sse4.2, popcnt, avx, avx2, aes, clmul, erms, rtm, 3dnowpref, lzcnt, ht, tsc, tscinvbit, bmi1, bmi2, adx

Memory: 4k page, physical 8212264k(1554756k free), swap 16077080k(6176k free)

vm_info: Java HotSpot(TM) 64-Bit Server VM (25.191-b12) for windows-amd64 JRE (1.8.0_191-b12), built on Oct  6 2018 09:29:03 by "java_re" with MS VC++ 10.0 (VS2010)

time: Wed Apr 24 15:29:49 2019
elapsed time: 0 seconds (0d 0h 0m 0s)

